2016-05-19 12:28:11,312 [ModalContext] INFO  o.e.m.c.i.e.AbstractTransferListenerAdapter - Downloading http://nexus-mx.adesis.com/content/groups/public/org/apache/maven/archetypes/maven-archetype-j2ee-simple/1.0/maven-archetype-j2ee-simple-1.0.jar
2016-05-19 12:28:11,511 [ModalContext] INFO  o.e.m.c.i.e.AbstractTransferListenerAdapter - Downloaded http://nexus-mx.adesis.com/content/groups/public/org/apache/maven/archetypes/maven-archetype-j2ee-simple/1.0/maven-archetype-j2ee-simple-1.0.jar
2016-05-19 12:28:11,982 [ModalContext] INFO  o.e.m.c.i.e.AbstractTransferListenerAdapter - Downloading http://nexus-mx.adesis.com/content/groups/public/org/apache/maven/archetypes/maven-archetype-j2ee-simple/1.0/maven-archetype-j2ee-simple-1.0.pom
2016-05-19 12:28:12,494 [ModalContext] INFO  o.e.m.c.i.e.AbstractTransferListenerAdapter - Downloaded http://nexus-mx.adesis.com/content/groups/public/org/apache/maven/archetypes/maven-archetype-j2ee-simple/1.0/maven-archetype-j2ee-simple-1.0.pom
2016-05-19 12:28:54,054 [Worker-12] INFO  o.e.m.c.i.p.ProjectConfigurationManager - Collecting project info '/pom.xml' /home/adesis/otros/cosasQueAprender/pruebaJPA/jpa_ejemplo/pom.xml
2016-05-19 12:28:54,055 [Worker-12] INFO  o.e.m.c.i.p.ProjectConfigurationManager - Collecting project info 'projects/pom.xml' /home/adesis/otros/cosasQueAprender/pruebaJPA/jpa_ejemplo/projects/pom.xml
2016-05-19 12:28:54,055 [Worker-12] INFO  o.e.m.c.i.p.ProjectConfigurationManager - Collecting project info 'logging/pom.xml' /home/adesis/otros/cosasQueAprender/pruebaJPA/jpa_ejemplo/projects/logging/pom.xml
2016-05-19 12:28:54,055 [Worker-12] INFO  o.e.m.c.i.p.ProjectConfigurationManager - Collecting project info 'primary-source/pom.xml' /home/adesis/otros/cosasQueAprender/pruebaJPA/jpa_ejemplo/primary-source/pom.xml
2016-05-19 12:28:54,055 [Worker-12] INFO  o.e.m.c.i.p.ProjectConfigurationManager - Collecting project info 'servlets/pom.xml' /home/adesis/otros/cosasQueAprender/pruebaJPA/jpa_ejemplo/servlets/pom.xml
2016-05-19 12:28:54,056 [Worker-12] INFO  o.e.m.c.i.p.ProjectConfigurationManager - Collecting project info 'servlet/pom.xml' /home/adesis/otros/cosasQueAprender/pruebaJPA/jpa_ejemplo/servlets/servlet/pom.xml
2016-05-19 12:28:54,056 [Worker-12] INFO  o.e.m.c.i.p.ProjectConfigurationManager - Collecting project info 'ejbs/pom.xml' /home/adesis/otros/cosasQueAprender/pruebaJPA/jpa_ejemplo/ejbs/pom.xml
2016-05-19 12:28:54,056 [Worker-12] INFO  o.e.m.c.i.p.ProjectConfigurationManager - Collecting project info 'ear/pom.xml' /home/adesis/otros/cosasQueAprender/pruebaJPA/jpa_ejemplo/ear/pom.xml
2016-05-19 12:28:54,841 [Worker-12] INFO  o.e.m.c.i.l.LifecycleMappingFactory - Using NULL lifecycle mapping for MavenProject: root:project:1.0 @ /home/adesis/otros/cosasQueAprender/pruebaJPA/project/pom.xml.
2016-05-19 12:28:54,877 [Worker-12] INFO  o.e.m.c.i.l.LifecycleMappingFactory - Using NULL lifecycle mapping for MavenProject: root.project:projects:1.0 @ /home/adesis/otros/cosasQueAprender/pruebaJPA/project/projects/pom.xml.
2016-05-19 12:28:55,731 [Worker-12] INFO  o.e.m.c.i.l.LifecycleMappingFactory - Using org.eclipse.m2e.jdt.JarLifecycleMapping lifecycle mapping for MavenProject: root.project.projects:logging:1.0 @ /home/adesis/otros/cosasQueAprender/pruebaJPA/project/projects/logging/pom.xml.
2016-05-19 12:29:03,313 [Worker-12] INFO  o.e.m.c.i.e.AbstractTransferListenerAdapter - Downloading http://nexus-mx.adesis.com/content/groups/public/org/apache/maven/plugins/maven-javadoc-plugin/maven-metadata.xml
2016-05-19 12:29:04,954 [Worker-12] INFO  o.e.m.c.i.e.AbstractTransferListenerAdapter - Downloaded http://nexus-mx.adesis.com/content/groups/public/org/apache/maven/plugins/maven-javadoc-plugin/maven-metadata.xml
2016-05-19 12:29:06,502 [Worker-12] INFO  o.e.m.c.i.e.AbstractTransferListenerAdapter - Downloading http://nexus-mx.adesis.com/content/groups/public/org/apache/maven/plugins/maven-javadoc-plugin/2.10.3/maven-javadoc-plugin-2.10.3.pom
2016-05-19 12:29:09,865 [Worker-12] INFO  o.e.m.c.i.e.AbstractTransferListenerAdapter - Downloaded http://nexus-mx.adesis.com/content/groups/public/org/apache/maven/plugins/maven-javadoc-plugin/2.10.3/maven-javadoc-plugin-2.10.3.pom
2016-05-19 12:29:10,102 [Worker-12] INFO  o.e.m.c.i.e.AbstractTransferListenerAdapter - Downloading http://nexus-mx.adesis.com/content/groups/public/org/apache/maven/plugins/maven-plugins/27/maven-plugins-27.pom
2016-05-19 12:29:11,299 [Worker-12] INFO  o.e.m.c.i.e.AbstractTransferListenerAdapter - Downloaded http://nexus-mx.adesis.com/content/groups/public/org/apache/maven/plugins/maven-plugins/27/maven-plugins-27.pom
2016-05-19 12:29:13,495 [Worker-12] INFO  o.e.m.c.i.e.AbstractTransferListenerAdapter - Downloading http://nexus-mx.adesis.com/content/groups/public/org/apache/maven/plugins/maven-javadoc-plugin/2.10.3/maven-javadoc-plugin-2.10.3.jar
2016-05-19 12:29:34,672 [Worker-12] INFO  o.e.m.c.i.e.AbstractTransferListenerAdapter - Downloaded http://nexus-mx.adesis.com/content/groups/public/org/apache/maven/plugins/maven-javadoc-plugin/2.10.3/maven-javadoc-plugin-2.10.3.jar
2016-05-19 12:29:34,916 [Worker-12] INFO  o.e.m.c.i.l.LifecycleMappingFactory - Using org.eclipse.m2e.jdt.JarLifecycleMapping lifecycle mapping for MavenProject: root.project:primary-source:1.0 @ /home/adesis/otros/cosasQueAprender/pruebaJPA/project/primary-source/pom.xml.
2016-05-19 12:29:34,956 [Worker-12] INFO  o.e.m.c.i.l.LifecycleMappingFactory - Using NULL lifecycle mapping for MavenProject: root.project:servlets:1.0 @ /home/adesis/otros/cosasQueAprender/pruebaJPA/project/servlets/pom.xml.
2016-05-19 12:29:35,213 [Worker-12] INFO  o.e.m.c.i.e.AbstractTransferListenerAdapter - Downloading http://nexus-mx.adesis.com/content/groups/public/org/apache/maven/plugins/maven-war-plugin/2.2/maven-war-plugin-2.2.jar
2016-05-19 12:29:36,012 [Worker-12] INFO  o.e.m.c.i.e.AbstractTransferListenerAdapter - Downloaded http://nexus-mx.adesis.com/content/groups/public/org/apache/maven/plugins/maven-war-plugin/2.2/maven-war-plugin-2.2.jar
2016-05-19 12:29:36,094 [Worker-12] INFO  o.e.m.c.i.l.LifecycleMappingFactory - Using org.maven.ide.eclipse.wtp.WarLifecycleMapping lifecycle mapping for MavenProject: root.project.servlets:servlet:1.0 @ /home/adesis/otros/cosasQueAprender/pruebaJPA/project/servlets/servlet/pom.xml.
2016-05-19 12:29:36,394 [Worker-12] INFO  o.e.m.c.i.e.AbstractTransferListenerAdapter - Downloading http://nexus-mx.adesis.com/content/groups/public/org/apache/maven/plugins/maven-ejb-plugin/2.3/maven-ejb-plugin-2.3.jar
2016-05-19 12:29:36,629 [Worker-12] INFO  o.e.m.c.i.e.AbstractTransferListenerAdapter - Downloaded http://nexus-mx.adesis.com/content/groups/public/org/apache/maven/plugins/maven-ejb-plugin/2.3/maven-ejb-plugin-2.3.jar
2016-05-19 12:29:36,678 [Worker-12] INFO  o.e.m.c.i.l.LifecycleMappingFactory - Using org.maven.ide.eclipse.wtp.EjbLifecycleMapping lifecycle mapping for MavenProject: root.project:ejbs:1.0 @ /home/adesis/otros/cosasQueAprender/pruebaJPA/project/ejbs/pom.xml.
2016-05-19 12:29:36,792 [Worker-12] INFO  o.e.m.c.i.e.AbstractTransferListenerAdapter - Downloading http://nexus-mx.adesis.com/content/groups/public/org/apache/maven/plugins/maven-ear-plugin/2.8/maven-ear-plugin-2.8.jar
2016-05-19 12:29:37,108 [Worker-12] INFO  o.e.m.c.i.e.AbstractTransferListenerAdapter - Downloaded http://nexus-mx.adesis.com/content/groups/public/org/apache/maven/plugins/maven-ear-plugin/2.8/maven-ear-plugin-2.8.jar
2016-05-19 12:29:37,199 [Worker-12] INFO  o.e.m.c.i.e.AbstractTransferListenerAdapter - Downloading http://nexus-mx.adesis.com/content/groups/public/org/apache/maven/plugins/maven-resources-plugin/2.4.3/maven-resources-plugin-2.4.3.jar
2016-05-19 12:29:37,372 [Worker-12] INFO  o.e.m.c.i.e.AbstractTransferListenerAdapter - Downloaded http://nexus-mx.adesis.com/content/groups/public/org/apache/maven/plugins/maven-resources-plugin/2.4.3/maven-resources-plugin-2.4.3.jar
2016-05-19 12:29:37,437 [Worker-12] INFO  o.e.m.c.i.l.LifecycleMappingFactory - Using org.maven.ide.eclipse.wtp.EarLifecycleMapping lifecycle mapping for MavenProject: root.project:ear:1.0 @ /home/adesis/otros/cosasQueAprender/pruebaJPA/project/ear/pom.xml.
2016-05-19 12:29:38,160 [Worker-12] INFO  o.e.m.c.i.e.AbstractTransferListenerAdapter - Downloading http://nexus-mx.adesis.com/content/groups/public/org/apache/maven/plugins/maven-war-plugin/2.2/maven-war-plugin-2.2.pom
2016-05-19 12:29:38,222 [Worker-12] INFO  o.e.m.c.i.e.AbstractTransferListenerAdapter - Downloaded http://nexus-mx.adesis.com/content/groups/public/org/apache/maven/plugins/maven-war-plugin/2.2/maven-war-plugin-2.2.pom
2016-05-19 12:29:39,304 [Worker-12] INFO  o.e.m.c.i.e.AbstractTransferListenerAdapter - Downloading http://nexus-mx.adesis.com/content/groups/public/org/apache/maven/plugins/maven-ear-plugin/2.8/maven-ear-plugin-2.8.pom
2016-05-19 12:29:39,527 [Worker-12] INFO  o.e.m.c.i.e.AbstractTransferListenerAdapter - Downloaded http://nexus-mx.adesis.com/content/groups/public/org/apache/maven/plugins/maven-ear-plugin/2.8/maven-ear-plugin-2.8.pom
2016-05-19 12:29:39,757 [Worker-12] INFO  o.e.m.c.i.e.AbstractTransferListenerAdapter - Downloading http://nexus-mx.adesis.com/content/groups/public/org/apache/maven/plugins/maven-resources-plugin/2.4.3/maven-resources-plugin-2.4.3.pom
2016-05-19 12:29:39,977 [Worker-12] INFO  o.e.m.c.i.e.AbstractTransferListenerAdapter - Downloaded http://nexus-mx.adesis.com/content/groups/public/org/apache/maven/plugins/maven-resources-plugin/2.4.3/maven-resources-plugin-2.4.3.pom
2016-05-19 12:29:40,742 [Worker-12] INFO  o.e.m.c.i.e.AbstractTransferListenerAdapter - Downloading http://nexus-mx.adesis.com/content/groups/public/org/codehaus/plexus/plexus-archiver/2.1.2/plexus-archiver-2.1.2.pom
2016-05-19 12:29:40,820 [Worker-12] INFO  o.e.m.c.i.e.AbstractTransferListenerAdapter - Downloaded http://nexus-mx.adesis.com/content/groups/public/org/codehaus/plexus/plexus-archiver/2.1.2/plexus-archiver-2.1.2.pom
2016-05-19 12:29:40,886 [Worker-12] INFO  o.e.m.c.i.e.AbstractTransferListenerAdapter - Downloading http://nexus-mx.adesis.com/content/groups/public/org/codehaus/plexus/plexus-utils/3.0.2/plexus-utils-3.0.2.pom
2016-05-19 12:29:40,957 [Worker-12] INFO  o.e.m.c.i.e.AbstractTransferListenerAdapter - Downloaded http://nexus-mx.adesis.com/content/groups/public/org/codehaus/plexus/plexus-utils/3.0.2/plexus-utils-3.0.2.pom
2016-05-19 12:29:41,039 [Worker-12] INFO  o.e.m.c.i.e.AbstractTransferListenerAdapter - Downloading http://nexus-mx.adesis.com/content/groups/public/org/codehaus/plexus/plexus-io/2.0.4/plexus-io-2.0.4.pom
2016-05-19 12:29:41,096 [Worker-12] INFO  o.e.m.c.i.e.AbstractTransferListenerAdapter - Downloaded http://nexus-mx.adesis.com/content/groups/public/org/codehaus/plexus/plexus-io/2.0.4/plexus-io-2.0.4.pom
2016-05-19 12:29:41,217 [Worker-12] INFO  o.e.m.c.i.e.AbstractTransferListenerAdapter - Downloading http://nexus-mx.adesis.com/content/groups/public/org/codehaus/plexus/plexus-archiver/2.1.2/plexus-archiver-2.1.2.jar
2016-05-19 12:29:41,549 [Worker-12] INFO  o.e.m.c.i.e.AbstractTransferListenerAdapter - Downloaded http://nexus-mx.adesis.com/content/groups/public/org/codehaus/plexus/plexus-archiver/2.1.2/plexus-archiver-2.1.2.jar
2016-05-19 12:29:41,628 [Worker-12] INFO  o.e.m.c.i.e.AbstractTransferListenerAdapter - Downloading http://nexus-mx.adesis.com/content/groups/public/org/codehaus/plexus/plexus-io/2.0.4/plexus-io-2.0.4.jar
2016-05-19 12:29:41,768 [Worker-12] INFO  o.e.m.c.i.e.AbstractTransferListenerAdapter - Downloaded http://nexus-mx.adesis.com/content/groups/public/org/codehaus/plexus/plexus-io/2.0.4/plexus-io-2.0.4.jar
2016-05-19 12:29:42,240 [Worker-12] INFO  o.e.m.c.i.e.AbstractTransferListenerAdapter - Downloading http://nexus-mx.adesis.com/content/groups/public/org/apache/maven/plugins/maven-ejb-plugin/2.3/maven-ejb-plugin-2.3.pom
2016-05-19 12:29:42,405 [Worker-12] INFO  o.e.m.c.i.e.AbstractTransferListenerAdapter - Downloaded http://nexus-mx.adesis.com/content/groups/public/org/apache/maven/plugins/maven-ejb-plugin/2.3/maven-ejb-plugin-2.3.pom
2016-05-19 12:29:43,320 [Worker-12] INFO  o.e.m.j.i.AbstractJavaProjectConfigurator - Adding source folder /logging/src/main/java
2016-05-19 12:29:43,321 [Worker-12] INFO  o.e.m.j.i.AbstractJavaProjectConfigurator - Adding source folder /logging/src/test/java
2016-05-19 12:29:44,837 [Worker-12] INFO  o.e.m.j.i.AbstractJavaProjectConfigurator - Adding source folder /primary-source/src/main/java
2016-05-19 12:29:44,839 [Worker-12] INFO  o.e.m.j.i.AbstractJavaProjectConfigurator - Adding source folder /primary-source/src/test/java
2016-05-19 12:29:44,904 [Worker-12] INFO  o.e.m.j.i.AbstractJavaProjectConfigurator - Adding source folder /servlet/src/main/java
2016-05-19 12:29:44,904 [Worker-12] INFO  o.e.m.j.i.AbstractJavaProjectConfigurator - Adding source folder /servlet/src/test/java
2016-05-19 12:29:46,144 [Worker-12] ERROR o.e.m.w.j.i.u.xpl.JSFAppConfigUtils - Could not read web.xml
org.eclipse.emf.ecore.resource.impl.ResourceSetImpl$1DiagnosticWrappedException: org.xml.sax.SAXParseExceptionpublicId: platform:/resource/servlet/src/main/webapp/WEB-INF/web.xml; systemId: platform:/resource/servlet/src/main/webapp/WEB-INF/web.xml; lineNumber: 1; columnNumber: 1; Final de archivo prematuro.
	at org.eclipse.emf.ecore.resource.impl.ResourceSetImpl.handleDemandLoadException(ResourceSetImpl.java:319) ~[na:na]
	at org.eclipse.emf.ecore.resource.impl.ResourceSetImpl.demandLoadHelper(ResourceSetImpl.java:278) ~[na:na]
	at org.eclipse.jem.internal.util.emf.workbench.ProjectResourceSetImpl.getResource(ProjectResourceSetImpl.java:1064) ~[na:na]
	at org.eclipse.jst.jee.model.internal.JEE5ModelProvider.getModelResource(JEE5ModelProvider.java:185) ~[na:na]
	at org.eclipse.jst.jee.model.internal.Web25ModelProvider.getModelObject(Web25ModelProvider.java:44) ~[na:na]
	at org.eclipse.jst.jee.model.internal.JEE5ModelProvider.getModelObject(JEE5ModelProvider.java:231) ~[na:na]
	at org.eclipse.jst.jee.model.internal.common.AbstractMergedModelProvider.loadProviders(AbstractMergedModelProvider.java:261) ~[na:na]
	at org.eclipse.jst.jee.model.internal.common.AbstractMergedModelProvider.access$2(AbstractMergedModelProvider.java:255) ~[na:na]
	at org.eclipse.jst.jee.model.internal.common.AbstractMergedModelProvider$LoadModelsWorkspaceRunnable.run(AbstractMergedModelProvider.java:278) ~[na:na]
	at org.eclipse.core.internal.resources.Workspace.run(Workspace.java:2241) ~[org.eclipse.core.resources_3.10.0.v20150423-0755.jar:na]
	at org.eclipse.jst.jee.model.internal.common.AbstractMergedModelProvider.loadModel(AbstractMergedModelProvider.java:249) ~[na:na]
	at org.eclipse.jst.jee.model.internal.common.AbstractMergedModelProvider.getMergedModel(AbstractMergedModelProvider.java:219) ~[na:na]
	at org.eclipse.jst.jee.model.internal.common.AbstractMergedModelProvider.getModelObject(AbstractMergedModelProvider.java:139) ~[na:na]
	at org.eclipse.m2e.wtp.jsf.internal.utils.xpl.JSFAppConfigUtils.getConfigFilesFromContextParam(JSFAppConfigUtils.java:86) ~[org.eclipse.m2e.wtp.jsf_1.2.0.20150602-1740.jar:na]
	at org.eclipse.m2e.wtp.jsf.internal.utils.JSFUtils.getFacesconfig(JSFUtils.java:68) [org.eclipse.m2e.wtp.jsf_1.2.0.20150602-1740.jar:na]
	at org.eclipse.m2e.wtp.jsf.internal.utils.JSFUtils.getVersionFromFacesconfig(JSFUtils.java:84) [org.eclipse.m2e.wtp.jsf_1.2.0.20150602-1740.jar:na]
	at org.eclipse.m2e.wtp.jsf.internal.configurators.FacesConfigJSFFacetDetector.findFacetVersion(FacesConfigJSFFacetDetector.java:36) [org.eclipse.m2e.wtp.jsf_1.2.0.20150602-1740.jar:na]
	at org.eclipse.m2e.wtp.facets.FacetDetectorManager.findFacetVersion(FacetDetectorManager.java:91) [org.eclipse.m2e.wtp_1.2.0.20150602-1740.jar:na]
	at org.eclipse.m2e.wtp.facets.FacetDetectorManager.findFacetVersion(FacetDetectorManager.java:61) [org.eclipse.m2e.wtp_1.2.0.20150602-1740.jar:na]
	at org.eclipse.m2e.wtp.jsf.internal.configurators.JSFProjectConfigurator.configureInternal(JSFProjectConfigurator.java:93) [org.eclipse.m2e.wtp.jsf_1.2.0.20150602-1740.jar:na]
	at org.eclipse.m2e.wtp.jsf.internal.configurators.JSFProjectConfigurator.configure(JSFProjectConfigurator.java:68) [org.eclipse.m2e.wtp.jsf_1.2.0.20150602-1740.jar:na]
	at org.eclipse.m2e.core.project.configurator.AbstractLifecycleMapping.configure(AbstractLifecycleMapping.java:120) [org.eclipse.m2e.core_1.6.3.20160209-1446.jar:na]
	at org.eclipse.m2e.core.internal.project.ProjectConfigurationManager$3.call(ProjectConfigurationManager.java:501) [org.eclipse.m2e.core_1.6.3.20160209-1446.jar:na]
	at org.eclipse.m2e.core.internal.project.ProjectConfigurationManager$3.call(ProjectConfigurationManager.java:1) [org.eclipse.m2e.core_1.6.3.20160209-1446.jar:na]
	at org.eclipse.m2e.core.internal.embedder.MavenExecutionContext.executeBare(MavenExecutionContext.java:176) [org.eclipse.m2e.core_1.6.3.20160209-1446.jar:na]
	at org.eclipse.m2e.core.internal.embedder.MavenExecutionContext.execute(MavenExecutionContext.java:151) [org.eclipse.m2e.core_1.6.3.20160209-1446.jar:na]
	at org.eclipse.m2e.core.internal.project.ProjectConfigurationManager.updateProjectConfiguration(ProjectConfigurationManager.java:494) [org.eclipse.m2e.core_1.6.3.20160209-1446.jar:na]
	at org.eclipse.m2e.core.internal.project.ProjectConfigurationManager.configureNewMavenProjects(ProjectConfigurationManager.java:281) [org.eclipse.m2e.core_1.6.3.20160209-1446.jar:na]
	at org.eclipse.m2e.core.internal.project.ProjectConfigurationManager$1.call(ProjectConfigurationManager.java:168) [org.eclipse.m2e.core_1.6.3.20160209-1446.jar:na]
	at org.eclipse.m2e.core.internal.project.ProjectConfigurationManager$1.call(ProjectConfigurationManager.java:1) [org.eclipse.m2e.core_1.6.3.20160209-1446.jar:na]
	at org.eclipse.m2e.core.internal.embedder.MavenExecutionContext.executeBare(MavenExecutionContext.java:176) [org.eclipse.m2e.core_1.6.3.20160209-1446.jar:na]
	at org.eclipse.m2e.core.internal.embedder.MavenExecutionContext.execute(MavenExecutionContext.java:112) [org.eclipse.m2e.core_1.6.3.20160209-1446.jar:na]
	at org.eclipse.m2e.core.internal.embedder.MavenExecutionContext.execute(MavenExecutionContext.java:99) [org.eclipse.m2e.core_1.6.3.20160209-1446.jar:na]
	at org.eclipse.m2e.core.internal.embedder.MavenImpl.execute(MavenImpl.java:1355) [org.eclipse.m2e.core_1.6.3.20160209-1446.jar:na]
	at org.eclipse.m2e.core.internal.project.ProjectConfigurationManager.importProjects(ProjectConfigurationManager.java:136) [org.eclipse.m2e.core_1.6.3.20160209-1446.jar:na]
	at org.eclipse.m2e.core.internal.project.ProjectConfigurationManager.createArchetypeProjects0(ProjectConfigurationManager.java:830) [org.eclipse.m2e.core_1.6.3.20160209-1446.jar:na]
	at org.eclipse.m2e.core.internal.project.ProjectConfigurationManager$5.call(ProjectConfigurationManager.java:760) [org.eclipse.m2e.core_1.6.3.20160209-1446.jar:na]
	at org.eclipse.m2e.core.internal.project.ProjectConfigurationManager$5.call(ProjectConfigurationManager.java:1) [org.eclipse.m2e.core_1.6.3.20160209-1446.jar:na]
	at org.eclipse.m2e.core.internal.embedder.MavenExecutionContext.executeBare(MavenExecutionContext.java:176) [org.eclipse.m2e.core_1.6.3.20160209-1446.jar:na]
	at org.eclipse.m2e.core.internal.embedder.MavenExecutionContext.execute(MavenExecutionContext.java:151) [org.eclipse.m2e.core_1.6.3.20160209-1446.jar:na]
	at org.eclipse.m2e.core.internal.embedder.MavenExecutionContext.execute(MavenExecutionContext.java:99) [org.eclipse.m2e.core_1.6.3.20160209-1446.jar:na]
	at org.eclipse.m2e.core.internal.embedder.MavenImpl.execute(MavenImpl.java:1355) [org.eclipse.m2e.core_1.6.3.20160209-1446.jar:na]
	at org.eclipse.m2e.core.internal.project.ProjectConfigurationManager.createArchetypeProjects(ProjectConfigurationManager.java:758) [org.eclipse.m2e.core_1.6.3.20160209-1446.jar:na]
	at org.eclipse.m2e.core.ui.internal.wizards.MavenProjectWizard$5.doCreateMavenProjects(MavenProjectWizard.java:243) [org.eclipse.m2e.core.ui_1.6.3.20160209-1446.jar:na]
	at org.eclipse.m2e.core.ui.internal.wizards.AbstractCreateMavenProjectJob$1.doCreateMavenProjects(AbstractCreateMavenProjectJob.java:50) [org.eclipse.m2e.core.ui_1.6.3.20160209-1446.jar:na]
	at org.eclipse.m2e.core.ui.internal.wizards.AbstractCreateMavenProjectsOperation.run(AbstractCreateMavenProjectsOperation.java:62) [org.eclipse.m2e.core.ui_1.6.3.20160209-1446.jar:na]
	at org.eclipse.m2e.core.ui.internal.wizards.AbstractCreateMavenProjectJob.runInWorkspace(AbstractCreateMavenProjectJob.java:54) [org.eclipse.m2e.core.ui_1.6.3.20160209-1446.jar:na]
	at org.eclipse.core.internal.resources.InternalWorkspaceJob.run(InternalWorkspaceJob.java:39) [org.eclipse.core.resources_3.10.0.v20150423-0755.jar:na]
	at org.eclipse.core.internal.jobs.Worker.run(Worker.java:55) [org.eclipse.core.jobs_3.7.0.v20150330-2103.jar:na]
Caused by: org.xml.sax.SAXParseException: Final de archivo prematuro.
	at com.sun.org.apache.xerces.internal.util.ErrorHandlerWrapper.createSAXParseException(ErrorHandlerWrapper.java:203) ~[na:1.8.0_77]
	at com.sun.org.apache.xerces.internal.util.ErrorHandlerWrapper.fatalError(ErrorHandlerWrapper.java:177) ~[na:1.8.0_77]
	at com.sun.org.apache.xerces.internal.impl.XMLErrorReporter.reportError(XMLErrorReporter.java:400) ~[na:1.8.0_77]
	at com.sun.org.apache.xerces.internal.impl.XMLErrorReporter.reportError(XMLErrorReporter.java:327) ~[na:1.8.0_77]
	at com.sun.org.apache.xerces.internal.impl.XMLScanner.reportFatalError(XMLScanner.java:1437) ~[na:1.8.0_77]
	at com.sun.org.apache.xerces.internal.impl.XMLDocumentScannerImpl$PrologDriver.next(XMLDocumentScannerImpl.java:1019) ~[na:1.8.0_77]
	at com.sun.org.apache.xerces.internal.impl.XMLDocumentScannerImpl.next(XMLDocumentScannerImpl.java:606) ~[na:1.8.0_77]
	at com.sun.org.apache.xerces.internal.impl.XMLNSDocumentScannerImpl.next(XMLNSDocumentScannerImpl.java:118) ~[na:1.8.0_77]
	at com.sun.org.apache.xerces.internal.impl.XMLDocumentFragmentScannerImpl.scanDocument(XMLDocumentFragmentScannerImpl.java:510) ~[na:1.8.0_77]
	at com.sun.org.apache.xerces.internal.parsers.XML11Configuration.parse(XML11Configuration.java:848) ~[na:1.8.0_77]
	at com.sun.org.apache.xerces.internal.parsers.XML11Configuration.parse(XML11Configuration.java:777) ~[na:1.8.0_77]
	at com.sun.org.apache.xerces.internal.parsers.XMLParser.parse(XMLParser.java:141) ~[na:1.8.0_77]
	at com.sun.org.apache.xerces.internal.parsers.AbstractSAXParser.parse(AbstractSAXParser.java:1213) ~[na:1.8.0_77]
	at com.sun.org.apache.xerces.internal.jaxp.SAXParserImpl$JAXPSAXParser.parse(SAXParserImpl.java:643) ~[na:1.8.0_77]
	at com.sun.org.apache.xerces.internal.jaxp.SAXParserImpl.parse(SAXParserImpl.java:327) ~[na:1.8.0_77]
	at org.eclipse.emf.ecore.xmi.impl.XMLLoadImpl.load(XMLLoadImpl.java:175) ~[na:na]
	at org.eclipse.emf.ecore.xmi.impl.XMLResourceImpl.doLoad(XMLResourceImpl.java:261) ~[na:na]
	at org.eclipse.emf.ecore.resource.impl.ResourceImpl.load(ResourceImpl.java:1518) ~[na:na]
	at org.eclipse.emf.ecore.resource.impl.ResourceImpl.load(ResourceImpl.java:1297) ~[na:na]
	at org.eclipse.emf.ecore.resource.impl.ResourceSetImpl.demandLoad(ResourceSetImpl.java:259) ~[na:na]
	at org.eclipse.jem.internal.util.emf.workbench.ProjectResourceSetImpl.demandLoad(ProjectResourceSetImpl.java:811) ~[na:na]
	at org.eclipse.emf.ecore.resource.impl.ResourceSetImpl.demandLoadHelper(ResourceSetImpl.java:274) ~[na:na]
	... 47 common frames omitted
2016-05-19 12:29:46,394 [Worker-12] ERROR o.e.m.w.jsf.internal.utils.JSFUtils - An error occured trying to find to javax.faces.webapp.FacesServlet :
org.xml.sax.SAXParseException: Final de archivo prematuro.
	at com.sun.org.apache.xerces.internal.parsers.DOMParser.parse(DOMParser.java:257) ~[na:1.8.0_77]
	at com.sun.org.apache.xerces.internal.jaxp.DocumentBuilderImpl.parse(DocumentBuilderImpl.java:339) ~[na:1.8.0_77]
	at javax.xml.parsers.DocumentBuilder.parse(DocumentBuilder.java:121) ~[na:1.8.0_77]
	at org.eclipse.m2e.wtp.jsf.internal.utils.JSFUtils.hasFacesServlet(JSFUtils.java:139) [org.eclipse.m2e.wtp.jsf_1.2.0.20150602-1740.jar:na]
	at org.eclipse.m2e.wtp.jsf.internal.utils.JSFUtils.hasFacesServlet(JSFUtils.java:115) [org.eclipse.m2e.wtp.jsf_1.2.0.20150602-1740.jar:na]
	at org.eclipse.m2e.wtp.jsf.internal.configurators.WebXmlJSFFacetDetector.hasFacesServletInWebXml(WebXmlJSFFacetDetector.java:80) [org.eclipse.m2e.wtp.jsf_1.2.0.20150602-1740.jar:na]
	at org.eclipse.m2e.wtp.jsf.internal.configurators.WebXmlJSFFacetDetector.findFacetVersion(WebXmlJSFFacetDetector.java:55) [org.eclipse.m2e.wtp.jsf_1.2.0.20150602-1740.jar:na]
	at org.eclipse.m2e.wtp.facets.FacetDetectorManager.findFacetVersion(FacetDetectorManager.java:91) [org.eclipse.m2e.wtp_1.2.0.20150602-1740.jar:na]
	at org.eclipse.m2e.wtp.facets.FacetDetectorManager.findFacetVersion(FacetDetectorManager.java:61) [org.eclipse.m2e.wtp_1.2.0.20150602-1740.jar:na]
	at org.eclipse.m2e.wtp.jsf.internal.configurators.JSFProjectConfigurator.configureInternal(JSFProjectConfigurator.java:93) [org.eclipse.m2e.wtp.jsf_1.2.0.20150602-1740.jar:na]
	at org.eclipse.m2e.wtp.jsf.internal.configurators.JSFProjectConfigurator.configure(JSFProjectConfigurator.java:68) [org.eclipse.m2e.wtp.jsf_1.2.0.20150602-1740.jar:na]
	at org.eclipse.m2e.core.project.configurator.AbstractLifecycleMapping.configure(AbstractLifecycleMapping.java:120) [org.eclipse.m2e.core_1.6.3.20160209-1446.jar:na]
	at org.eclipse.m2e.core.internal.project.ProjectConfigurationManager$3.call(ProjectConfigurationManager.java:501) [org.eclipse.m2e.core_1.6.3.20160209-1446.jar:na]
	at org.eclipse.m2e.core.internal.project.ProjectConfigurationManager$3.call(ProjectConfigurationManager.java:1) [org.eclipse.m2e.core_1.6.3.20160209-1446.jar:na]
	at org.eclipse.m2e.core.internal.embedder.MavenExecutionContext.executeBare(MavenExecutionContext.java:176) [org.eclipse.m2e.core_1.6.3.20160209-1446.jar:na]
	at org.eclipse.m2e.core.internal.embedder.MavenExecutionContext.execute(MavenExecutionContext.java:151) [org.eclipse.m2e.core_1.6.3.20160209-1446.jar:na]
	at org.eclipse.m2e.core.internal.project.ProjectConfigurationManager.updateProjectConfiguration(ProjectConfigurationManager.java:494) [org.eclipse.m2e.core_1.6.3.20160209-1446.jar:na]
	at org.eclipse.m2e.core.internal.project.ProjectConfigurationManager.configureNewMavenProjects(ProjectConfigurationManager.java:281) [org.eclipse.m2e.core_1.6.3.20160209-1446.jar:na]
	at org.eclipse.m2e.core.internal.project.ProjectConfigurationManager$1.call(ProjectConfigurationManager.java:168) [org.eclipse.m2e.core_1.6.3.20160209-1446.jar:na]
	at org.eclipse.m2e.core.internal.project.ProjectConfigurationManager$1.call(ProjectConfigurationManager.java:1) [org.eclipse.m2e.core_1.6.3.20160209-1446.jar:na]
	at org.eclipse.m2e.core.internal.embedder.MavenExecutionContext.executeBare(MavenExecutionContext.java:176) [org.eclipse.m2e.core_1.6.3.20160209-1446.jar:na]
	at org.eclipse.m2e.core.internal.embedder.MavenExecutionContext.execute(MavenExecutionContext.java:112) [org.eclipse.m2e.core_1.6.3.20160209-1446.jar:na]
	at org.eclipse.m2e.core.internal.embedder.MavenExecutionContext.execute(MavenExecutionContext.java:99) [org.eclipse.m2e.core_1.6.3.20160209-1446.jar:na]
	at org.eclipse.m2e.core.internal.embedder.MavenImpl.execute(MavenImpl.java:1355) [org.eclipse.m2e.core_1.6.3.20160209-1446.jar:na]
	at org.eclipse.m2e.core.internal.project.ProjectConfigurationManager.importProjects(ProjectConfigurationManager.java:136) [org.eclipse.m2e.core_1.6.3.20160209-1446.jar:na]
	at org.eclipse.m2e.core.internal.project.ProjectConfigurationManager.createArchetypeProjects0(ProjectConfigurationManager.java:830) [org.eclipse.m2e.core_1.6.3.20160209-1446.jar:na]
	at org.eclipse.m2e.core.internal.project.ProjectConfigurationManager$5.call(ProjectConfigurationManager.java:760) [org.eclipse.m2e.core_1.6.3.20160209-1446.jar:na]
	at org.eclipse.m2e.core.internal.project.ProjectConfigurationManager$5.call(ProjectConfigurationManager.java:1) [org.eclipse.m2e.core_1.6.3.20160209-1446.jar:na]
	at org.eclipse.m2e.core.internal.embedder.MavenExecutionContext.executeBare(MavenExecutionContext.java:176) [org.eclipse.m2e.core_1.6.3.20160209-1446.jar:na]
	at org.eclipse.m2e.core.internal.embedder.MavenExecutionContext.execute(MavenExecutionContext.java:151) [org.eclipse.m2e.core_1.6.3.20160209-1446.jar:na]
	at org.eclipse.m2e.core.internal.embedder.MavenExecutionContext.execute(MavenExecutionContext.java:99) [org.eclipse.m2e.core_1.6.3.20160209-1446.jar:na]
	at org.eclipse.m2e.core.internal.embedder.MavenImpl.execute(MavenImpl.java:1355) [org.eclipse.m2e.core_1.6.3.20160209-1446.jar:na]
	at org.eclipse.m2e.core.internal.project.ProjectConfigurationManager.createArchetypeProjects(ProjectConfigurationManager.java:758) [org.eclipse.m2e.core_1.6.3.20160209-1446.jar:na]
	at org.eclipse.m2e.core.ui.internal.wizards.MavenProjectWizard$5.doCreateMavenProjects(MavenProjectWizard.java:243) [org.eclipse.m2e.core.ui_1.6.3.20160209-1446.jar:na]
	at org.eclipse.m2e.core.ui.internal.wizards.AbstractCreateMavenProjectJob$1.doCreateMavenProjects(AbstractCreateMavenProjectJob.java:50) [org.eclipse.m2e.core.ui_1.6.3.20160209-1446.jar:na]
	at org.eclipse.m2e.core.ui.internal.wizards.AbstractCreateMavenProjectsOperation.run(AbstractCreateMavenProjectsOperation.java:62) [org.eclipse.m2e.core.ui_1.6.3.20160209-1446.jar:na]
	at org.eclipse.m2e.core.ui.internal.wizards.AbstractCreateMavenProjectJob.runInWorkspace(AbstractCreateMavenProjectJob.java:54) [org.eclipse.m2e.core.ui_1.6.3.20160209-1446.jar:na]
	at org.eclipse.core.internal.resources.InternalWorkspaceJob.run(InternalWorkspaceJob.java:39) [org.eclipse.core.resources_3.10.0.v20150423-0755.jar:na]
	at org.eclipse.core.internal.jobs.Worker.run(Worker.java:55) [org.eclipse.core.jobs_3.7.0.v20150330-2103.jar:na]
2016-05-19 12:29:46,458 [Worker-12] INFO  o.e.m.j.i.AbstractJavaProjectConfigurator - Adding source folder /ejbs/src/main/java
2016-05-19 12:29:46,459 [Worker-12] INFO  o.e.m.j.i.AbstractJavaProjectConfigurator - Adding resource folder /ejbs/src/main/resources
2016-05-19 12:29:46,460 [Worker-12] INFO  o.e.m.j.i.AbstractJavaProjectConfigurator - Adding source folder /ejbs/src/test/java
2016-05-19 12:29:47,591 [Worker-12] INFO  o.e.m.c.i.embedder.EclipseLogger - Generating application.xml
2016-05-19 12:29:47,618 [Worker-12] INFO  o.e.m.c.i.p.ProjectConfigurationManager - Imported and configured 8 project(s) in 53 sec
2016-05-19 12:29:49,397 [Worker-15] INFO  o.e.m.c.i.e.AbstractTransferListenerAdapter - Downloading http://nexus-mx.adesis.com/content/groups/public/org/apache/maven/shared/maven-filtering/1.0-beta-4/maven-filtering-1.0-beta-4.pom
2016-05-19 12:29:49,611 [Worker-15] INFO  o.e.m.c.i.e.AbstractTransferListenerAdapter - Downloaded http://nexus-mx.adesis.com/content/groups/public/org/apache/maven/shared/maven-filtering/1.0-beta-4/maven-filtering-1.0-beta-4.pom
2016-05-19 12:29:49,811 [Worker-15] INFO  o.e.m.c.i.e.AbstractTransferListenerAdapter - Downloading http://nexus-mx.adesis.com/content/groups/public/org/apache/maven/shared/maven-filtering/1.0-beta-4/maven-filtering-1.0-beta-4.jar
2016-05-19 12:29:50,439 [Worker-15] INFO  o.e.m.c.i.e.AbstractTransferListenerAdapter - Downloaded http://nexus-mx.adesis.com/content/groups/public/org/apache/maven/shared/maven-filtering/1.0-beta-4/maven-filtering-1.0-beta-4.jar
2016-05-19 12:29:50,622 [Worker-15] WARN  o.e.m.c.i.embedder.EclipseLogger - Using platform encoding (UTF-8 actually) to copy filtered resources, i.e. build is platform dependent!
2016-05-19 12:29:50,623 [Worker-15] INFO  o.e.m.c.i.embedder.EclipseLogger - skip non existing resourceDirectory /home/adesis/otros/cosasQueAprender/pruebaJPA/project/ear/src/main/resources
2016-05-19 12:29:52,110 [Worker-6] WARN  o.e.m.c.i.embedder.EclipseLogger - Using platform encoding (UTF-8 actually) to copy filtered resources, i.e. build is platform dependent!
2016-05-19 12:29:52,113 [Worker-6] INFO  o.e.m.c.i.embedder.EclipseLogger - skip non existing resourceDirectory /home/adesis/otros/cosasQueAprender/pruebaJPA/project/projects/logging/src/main/resources
2016-05-19 12:29:52,125 [Worker-6] WARN  o.e.m.c.i.embedder.EclipseLogger - Using platform encoding (UTF-8 actually) to copy filtered resources, i.e. build is platform dependent!
2016-05-19 12:29:52,125 [Worker-6] INFO  o.e.m.c.i.embedder.EclipseLogger - skip non existing resourceDirectory /home/adesis/otros/cosasQueAprender/pruebaJPA/project/projects/logging/src/test/resources
2016-05-19 12:29:52,176 [Worker-6] WARN  o.e.m.c.i.embedder.EclipseLogger - Using platform encoding (UTF-8 actually) to copy filtered resources, i.e. build is platform dependent!
2016-05-19 12:29:52,177 [Worker-6] INFO  o.e.m.c.i.embedder.EclipseLogger - skip non existing resourceDirectory /home/adesis/otros/cosasQueAprender/pruebaJPA/project/primary-source/src/main/resources
2016-05-19 12:29:52,179 [Worker-6] WARN  o.e.m.c.i.embedder.EclipseLogger - Using platform encoding (UTF-8 actually) to copy filtered resources, i.e. build is platform dependent!
2016-05-19 12:29:52,180 [Worker-6] INFO  o.e.m.c.i.embedder.EclipseLogger - skip non existing resourceDirectory /home/adesis/otros/cosasQueAprender/pruebaJPA/project/primary-source/src/test/resources
2016-05-19 12:29:52,314 [Worker-6] WARN  o.e.m.c.i.embedder.EclipseLogger - Using platform encoding (UTF-8 actually) to copy filtered resources, i.e. build is platform dependent!
2016-05-19 12:29:52,320 [Worker-6] INFO  o.e.m.c.i.embedder.EclipseLogger - Copying 1 resource
2016-05-19 12:29:52,341 [Worker-6] WARN  o.e.m.c.i.embedder.EclipseLogger - Using platform encoding (UTF-8 actually) to copy filtered resources, i.e. build is platform dependent!
2016-05-19 12:29:52,342 [Worker-6] INFO  o.e.m.c.i.embedder.EclipseLogger - skip non existing resourceDirectory /home/adesis/otros/cosasQueAprender/pruebaJPA/project/ejbs/src/test/resources
2016-05-19 12:29:52,921 [Worker-6] WARN  o.e.m.c.i.embedder.EclipseLogger - Using platform encoding (UTF-8 actually) to copy filtered resources, i.e. build is platform dependent!
2016-05-19 12:29:52,922 [Worker-6] INFO  o.e.m.c.i.embedder.EclipseLogger - skip non existing resourceDirectory /home/adesis/otros/cosasQueAprender/pruebaJPA/project/servlets/servlet/src/main/resources
2016-05-19 12:29:52,923 [Worker-6] WARN  o.e.m.c.i.embedder.EclipseLogger - Using platform encoding (UTF-8 actually) to copy filtered resources, i.e. build is platform dependent!
2016-05-19 12:29:52,924 [Worker-6] INFO  o.e.m.c.i.embedder.EclipseLogger - skip non existing resourceDirectory /home/adesis/otros/cosasQueAprender/pruebaJPA/project/servlets/servlet/src/test/resources
2016-05-19 12:32:35,511 [ModalContext] INFO  o.e.m.c.i.e.AbstractTransferListenerAdapter - Downloading http://nexus-mx.adesis.com/content/groups/public/org/apache/maven/archetypes/maven-archetype-quickstart/1.1/maven-archetype-quickstart-1.1.jar
2016-05-19 12:32:36,014 [ModalContext] INFO  o.e.m.c.i.e.AbstractTransferListenerAdapter - Downloaded http://nexus-mx.adesis.com/content/groups/public/org/apache/maven/archetypes/maven-archetype-quickstart/1.1/maven-archetype-quickstart-1.1.jar
2016-05-19 12:32:36,570 [ModalContext] INFO  o.e.m.c.i.e.AbstractTransferListenerAdapter - Downloading http://nexus-mx.adesis.com/content/groups/public/org/apache/maven/archetypes/maven-archetype-quickstart/1.1/maven-archetype-quickstart-1.1.pom
2016-05-19 12:32:36,632 [ModalContext] INFO  o.e.m.c.i.e.AbstractTransferListenerAdapter - Downloaded http://nexus-mx.adesis.com/content/groups/public/org/apache/maven/archetypes/maven-archetype-quickstart/1.1/maven-archetype-quickstart-1.1.pom
2016-05-19 12:32:50,690 [Worker-17] INFO  o.e.m.c.i.p.ProjectConfigurationManager - Collecting project info '/pom.xml' /home/adesis/otros/cosasQueAprender/pruebaJPA/pruebaJPA/pom.xml
2016-05-19 12:32:50,799 [Worker-17] INFO  o.e.m.c.i.l.LifecycleMappingFactory - Using org.eclipse.m2e.jdt.JarLifecycleMapping lifecycle mapping for MavenProject: com.eduardo.jpa:pruebaJPA:0.0.1-SNAPSHOT @ /home/adesis/otros/cosasQueAprender/pruebaJPA/pruebaJPA/pom.xml.
2016-05-19 12:32:51,131 [Worker-17] INFO  o.e.m.j.i.AbstractJavaProjectConfigurator - Adding source folder /pruebaJPA/src/main/java
2016-05-19 12:32:51,132 [Worker-17] INFO  o.e.m.j.i.AbstractJavaProjectConfigurator - Adding source folder /pruebaJPA/src/test/java
2016-05-19 12:32:51,155 [Worker-17] INFO  o.e.m.c.i.p.ProjectConfigurationManager - Imported and configured 1 project(s) in 0 sec
2016-05-19 12:32:51,858 [Worker-2] INFO  o.e.m.c.i.embedder.EclipseLogger - Using 'UTF-8' encoding to copy filtered resources.
2016-05-19 12:32:51,859 [Worker-2] INFO  o.e.m.c.i.embedder.EclipseLogger - skip non existing resourceDirectory /home/adesis/otros/cosasQueAprender/pruebaJPA/pruebaJPA/src/main/resources
2016-05-19 12:32:51,860 [Worker-2] INFO  o.e.m.c.i.embedder.EclipseLogger - Using 'UTF-8' encoding to copy filtered resources.
2016-05-19 12:32:51,860 [Worker-2] INFO  o.e.m.c.i.embedder.EclipseLogger - skip non existing resourceDirectory /home/adesis/otros/cosasQueAprender/pruebaJPA/pruebaJPA/src/test/resources
2016-05-19 12:33:49,339 [Worker-19] INFO  o.e.m.c.i.l.LifecycleMappingFactory - Using org.eclipse.m2e.jdt.JarLifecycleMapping lifecycle mapping for MavenProject: com.eduardo.jpa:pruebaJPA:0.0.1-SNAPSHOT @ /home/adesis/otros/cosasQueAprender/pruebaJPA/pruebaJPA/pom.xml.
2016-05-19 12:34:02,203 [Worker-19] INFO  o.e.m.c.i.e.AbstractTransferListenerAdapter - Downloading http://nexus-mx.adesis.com/content/groups/public/org/hibernate/javax/persistence/hibernate-jpa-2.0-api/1.0.1.Final/hibernate-jpa-2.0-api-1.0.1.Final.pom
2016-05-19 12:34:04,901 [Worker-19] INFO  o.e.m.c.i.e.AbstractTransferListenerAdapter - Downloaded http://nexus-mx.adesis.com/content/groups/public/org/hibernate/javax/persistence/hibernate-jpa-2.0-api/1.0.1.Final/hibernate-jpa-2.0-api-1.0.1.Final.pom
2016-05-19 12:34:19,888 [Worker-19] INFO  o.e.m.c.i.e.AbstractTransferListenerAdapter - Downloaded http://nexus-mx.adesis.com/content/groups/public/org/hibernate/javax/persistence/hibernate-jpa-2.0-api/1.0.1.Final/hibernate-jpa-2.0-api-1.0.1.Final.jar
2016-05-19 12:34:19,968 [Worker-19] INFO  o.e.m.c.i.embedder.EclipseLogger - Using 'UTF-8' encoding to copy filtered resources.
2016-05-19 12:34:19,968 [Worker-19] INFO  o.e.m.c.i.embedder.EclipseLogger - skip non existing resourceDirectory /home/adesis/otros/cosasQueAprender/pruebaJPA/pruebaJPA/src/main/resources
2016-05-19 12:34:19,971 [Worker-19] INFO  o.e.m.c.i.embedder.EclipseLogger - Using 'UTF-8' encoding to copy filtered resources.
2016-05-19 12:34:19,971 [Worker-19] INFO  o.e.m.c.i.embedder.EclipseLogger - skip non existing resourceDirectory /home/adesis/otros/cosasQueAprender/pruebaJPA/pruebaJPA/src/test/resources
2016-05-19 12:34:20,927 [Worker-2] INFO  o.e.m.c.i.l.LifecycleMappingFactory - Using org.eclipse.m2e.jdt.JarLifecycleMapping lifecycle mapping for MavenProject: com.eduardo.jpa:pruebaJPA:0.0.1-SNAPSHOT @ /home/adesis/otros/cosasQueAprender/pruebaJPA/pruebaJPA/pom.xml.
2016-05-19 12:34:23,467 [Worker-2] INFO  o.e.m.c.i.e.AbstractTransferListenerAdapter - Downloading http://nexus-mx.adesis.com/content/groups/public/org/hibernate/javax/persistence/hibernate-jpa-2.0-api/1.0.1.Final/hibernate-jpa-2.0-api-1.0.1.Final.jar
2016-05-19 12:34:30,180 [Worker-2] INFO  o.e.m.c.i.e.AbstractTransferListenerAdapter - Downloaded http://nexus-mx.adesis.com/content/groups/public/org/hibernate/javax/persistence/hibernate-jpa-2.0-api/1.0.1.Final/hibernate-jpa-2.0-api-1.0.1.Final.jar
2016-05-19 12:34:31,770 [Worker-2] INFO  o.e.m.c.i.embedder.EclipseLogger - Using 'UTF-8' encoding to copy filtered resources.
2016-05-19 12:34:31,770 [Worker-2] INFO  o.e.m.c.i.embedder.EclipseLogger - skip non existing resourceDirectory /home/adesis/otros/cosasQueAprender/pruebaJPA/pruebaJPA/src/main/resources
2016-05-19 12:34:31,775 [Worker-2] INFO  o.e.m.c.i.embedder.EclipseLogger - Using 'UTF-8' encoding to copy filtered resources.
2016-05-19 12:34:31,775 [Worker-2] INFO  o.e.m.c.i.embedder.EclipseLogger - skip non existing resourceDirectory /home/adesis/otros/cosasQueAprender/pruebaJPA/pruebaJPA/src/test/resources
